This file contains any messages produced by compilers while
running configure, to aid debugging if configure makes a mistake.

It was created by configure, which was
generated by GNU Autoconf 2.63.  Invocation command line was

  $ ./configure --prefix=/Users/pablo/GDrive/Trabajo/Development/WSOSim/dependencyInstalls/CCfits --with-cfitsio=/usr/local/Cellar/cfitsio/3.370

## --------- ##
## Platform. ##
## --------- ##

hostname = portwso04.estad.ucm.es
uname -m = x86_64
uname -r = 15.4.0
uname -s = Darwin
uname -v = Darwin Kernel Version 15.4.0: Fri Feb 26 22:08:05 PST 2016; root:xnu-3248.40.184~3/RELEASE_X86_64

/usr/bin/uname -p = i386
/bin/uname -X     = unknown

/bin/arch              = unknown
/usr/bin/arch -k       = unknown
/usr/convex/getsysinfo = unknown
/usr/bin/hostinfo      = Mach kernel version:
	 Darwin Kernel Version 15.4.0: Fri Feb 26 22:08:05 PST 2016; root:xnu-3248.40.184~3/RELEASE_X86_64
Kernel configured for up to 4 processors.
2 processors are physically available.
4 processors are logically available.
Processor type: x86_64h (Intel x86-64h Haswell)
Processors active: 0 1 2 3
Primary memory available: 8.00 gigabytes
Default processor set: 296 tasks, 1459 threads, 4 processors
Load average: 2.96, Mach factor: 1.85
/bin/machine           = unknown
/usr/bin/oslevel       = unknown
/bin/universe          = unknown

PATH: /opt/local/bin
PATH: /opt/local/sbin
PATH: /usr/local/bin
PATH: /usr/local/sbin
PATH: /Library/Frameworks/Python.framework/Versions/3.5/bin
PATH: /Library/Frameworks/Python.framework/Versions/2.7/bin
PATH: /usr/local/bin
PATH: /usr/bin
PATH: /bin
PATH: /usr/sbin
PATH: /sbin


## ----------- ##
## Core tests. ##
## ----------- ##

configure:2082: checking build system type
configure:2100: result: x86_64-apple-darwin15.4.0
configure:2122: checking host system type
configure:2137: result: x86_64-apple-darwin15.4.0
configure:2159: checking target system type
configure:2174: result: x86_64-apple-darwin15.4.0
configure:2218: checking for a BSD-compatible install
configure:2286: result: /usr/bin/install -c
configure:2297: checking whether build environment is sane
configure:2357: result: yes
configure:2498: checking for a thread-safe mkdir -p
configure:2537: result: config/install-sh -c -d
configure:2550: checking for gawk
configure:2580: result: no
configure:2550: checking for mawk
configure:2580: result: no
configure:2550: checking for nawk
configure:2580: result: no
configure:2550: checking for awk
configure:2566: found /usr/bin/awk
configure:2577: result: awk
configure:2588: checking whether make sets $(MAKE)
configure:2610: result: yes
configure:2758: checking for g++
configure:2774: found /usr/bin/g++
configure:2785: result: g++
configure:2812: checking for C++ compiler version
configure:2820: g++ --version >&5
Configured with: --prefix=/Applications/Xcode.app/Contents/Developer/usr --with-gxx-include-dir=/Applications/Xcode.app/Contents/Developer/Platforms/MacOSX.platform/Developer/SDKs/MacOSX10.11.sdk/usr/include/c++/4.2.1
Apple LLVM version 7.3.0 (clang-703.0.29)
Target: x86_64-apple-darwin15.4.0
Thread model: posix
InstalledDir: /Applications/Xcode.app/Contents/Developer/Toolchains/XcodeDefault.xctoolchain/usr/bin
configure:2824: $? = 0
configure:2831: g++ -v >&5
Configured with: --prefix=/Applications/Xcode.app/Contents/Developer/usr --with-gxx-include-dir=/Applications/Xcode.app/Contents/Developer/Platforms/MacOSX.platform/Developer/SDKs/MacOSX10.11.sdk/usr/include/c++/4.2.1
Apple LLVM version 7.3.0 (clang-703.0.29)
Target: x86_64-apple-darwin15.4.0
Thread model: posix
InstalledDir: /Applications/Xcode.app/Contents/Developer/Toolchains/XcodeDefault.xctoolchain/usr/bin
configure:2835: $? = 0
configure:2842: g++ -V >&5
clang: error: argument to '-V' is missing (expected 1 value)
clang: error: no input files
configure:2846: $? = 1
configure:2869: checking for C++ compiler default output file name
configure:2891: g++    conftest.cpp  >&5
configure:2895: $? = 0
configure:2933: result: a.out
configure:2952: checking whether the C++ compiler works
configure:2962: ./a.out
configure:2966: $? = 0
configure:2985: result: yes
configure:2992: checking whether we are cross compiling
configure:2994: result: no
configure:2997: checking for suffix of executables
configure:3004: g++ -o conftest    conftest.cpp  >&5
configure:3008: $? = 0
configure:3034: result: 
configure:3040: checking for suffix of object files
configure:3066: g++ -c   conftest.cpp >&5
configure:3070: $? = 0
configure:3095: result: o
configure:3099: checking whether we are using the GNU C++ compiler
configure:3128: g++ -c   conftest.cpp >&5
configure:3135: $? = 0
configure:3152: result: yes
configure:3161: checking whether g++ accepts -g
configure:3191: g++ -c -g  conftest.cpp >&5
configure:3198: $? = 0
configure:3299: result: yes
configure:3333: checking for style of include used by make
configure:3361: result: GNU
configure:3386: checking dependency style of g++
configure:3496: result: gcc3
configure:3625: checking for gcc
configure:3652: result: g++
configure:3884: checking for C compiler version
configure:3892: g++ --version >&5
Configured with: --prefix=/Applications/Xcode.app/Contents/Developer/usr --with-gxx-include-dir=/Applications/Xcode.app/Contents/Developer/Platforms/MacOSX.platform/Developer/SDKs/MacOSX10.11.sdk/usr/include/c++/4.2.1
Apple LLVM version 7.3.0 (clang-703.0.29)
Target: x86_64-apple-darwin15.4.0
Thread model: posix
InstalledDir: /Applications/Xcode.app/Contents/Developer/Toolchains/XcodeDefault.xctoolchain/usr/bin
configure:3896: $? = 0
configure:3903: g++ -v >&5
Configured with: --prefix=/Applications/Xcode.app/Contents/Developer/usr --with-gxx-include-dir=/Applications/Xcode.app/Contents/Developer/Platforms/MacOSX.platform/Developer/SDKs/MacOSX10.11.sdk/usr/include/c++/4.2.1
Apple LLVM version 7.3.0 (clang-703.0.29)
Target: x86_64-apple-darwin15.4.0
Thread model: posix
InstalledDir: /Applications/Xcode.app/Contents/Developer/Toolchains/XcodeDefault.xctoolchain/usr/bin
configure:3907: $? = 0
configure:3914: g++ -V >&5
clang: error: argument to '-V' is missing (expected 1 value)
clang: error: no input files
configure:3918: $? = 1
configure:3921: checking whether we are using the GNU C compiler
configure:3950: g++ -c   conftest.c >&5
clang: warning: treating 'c' input as 'c++' when in C++ mode, this behavior is deprecated
configure:3957: $? = 0
configure:3974: result: yes
configure:3983: checking whether g++ accepts -g
configure:4013: g++ -c -g  conftest.c >&5
clang: warning: treating 'c' input as 'c++' when in C++ mode, this behavior is deprecated
configure:4020: $? = 0
configure: failed program was:
| /* confdefs.h.  */
| #define PACKAGE_NAME ""
| #define PACKAGE_TARNAME ""
| #define PACKAGE_VERSION ""
| #define PACKAGE_STRING ""
| #define PACKAGE_BUGREPORT ""
| #define PACKAGE "CCfits"
| #define VERSION "2.5"
| /* end confdefs.h.  */
| 
| int
| main ()
| {
| 
|   ;
|   return 0;
| }
configure:4052: g++ -c   conftest.c >&5
clang: warning: treating 'c' input as 'c++' when in C++ mode, this behavior is deprecated
configure:4059: $? = 0
configure: failed program was:
| /* confdefs.h.  */
| #define PACKAGE_NAME ""
| #define PACKAGE_TARNAME ""
| #define PACKAGE_VERSION ""
| #define PACKAGE_STRING ""
| #define PACKAGE_BUGREPORT ""
| #define PACKAGE "CCfits"
| #define VERSION "2.5"
| /* end confdefs.h.  */
| 
| int
| main ()
| {
| 
|   ;
|   return 0;
| }
configure:4092: g++ -c -g  conftest.c >&5
clang: warning: treating 'c' input as 'c++' when in C++ mode, this behavior is deprecated
configure:4099: $? = 0
configure:4121: result: yes
configure:4138: checking for g++ option to accept ISO C89
configure:4212: g++  -c -g -O2  conftest.c >&5
clang: warning: treating 'c' input as 'c++' when in C++ mode, this behavior is deprecated
conftest.c:17:17: error: C++ requires a type specifier for all declarations
static char *e (p, i)
                ^
conftest.c:17:20: error: unknown type name 'i'
static char *e (p, i)
                   ^
conftest.c:17:22: error: expected ';' after top level declarator
static char *e (p, i)
                     ^
                     ;
conftest.c:20:1: error: expected unqualified-id
{
^
4 errors generated.
configure:4219: $? = 1
configure: failed program was:
| /* confdefs.h.  */
| #define PACKAGE_NAME ""
| #define PACKAGE_TARNAME ""
| #define PACKAGE_VERSION ""
| #define PACKAGE_STRING ""
| #define PACKAGE_BUGREPORT ""
| #define PACKAGE "CCfits"
| #define VERSION "2.5"
| /* end confdefs.h.  */
| #include <stdarg.h>
| #include <stdio.h>
| #include <sys/types.h>
| #include <sys/stat.h>
| /* Most of the following tests are stolen from RCS 5.7's src/conf.sh.  */
| struct buf { int x; };
| FILE * (*rcsopen) (struct buf *, struct stat *, int);
| static char *e (p, i)
|      char **p;
|      int i;
| {
|   return p[i];
| }
| static char *f (char * (*g) (char **, int), char **p, ...)
| {
|   char *s;
|   va_list v;
|   va_start (v,p);
|   s = g (p, va_arg (v,int));
|   va_end (v);
|   return s;
| }
| 
| /* OSF 4.0 Compaq cc is some sort of almost-ANSI by default.  It has
|    function prototypes and stuff, but not '\xHH' hex character constants.
|    These don't provoke an error unfortunately, instead are silently treated
|    as 'x'.  The following induces an error, until -std is added to get
|    proper ANSI mode.  Curiously '\x00'!='x' always comes out true, for an
|    array size at least.  It's necessary to write '\x00'==0 to get something
|    that's true only with -std.  */
| int osf4_cc_array ['\x00' == 0 ? 1 : -1];
| 
| /* IBM C 6 for AIX is almost-ANSI by default, but it replaces macro parameters
|    inside strings and character constants.  */
| #define FOO(x) 'x'
| int xlc6_cc_array[FOO(a) == 'x' ? 1 : -1];
| 
| int test (int i, double x);
| struct s1 {int (*f) (int a);};
| struct s2 {int (*f) (double a);};
| int pairnames (int, char **, FILE *(*)(struct buf *, struct stat *, int), int, int);
| int argc;
| char **argv;
| int
| main ()
| {
| return f (e, argv, 0) != argv[0]  ||  f (e, argv, 1) != argv[1];
|   ;
|   return 0;
| }
configure:4212: g++ -qlanglvl=extc89 -c -g -O2  conftest.c >&5
clang: error: unknown argument: '-qlanglvl=extc89'
clang: warning: treating 'c' input as 'c++' when in C++ mode, this behavior is deprecated
configure:4219: $? = 1
configure: failed program was:
| /* confdefs.h.  */
| #define PACKAGE_NAME ""
| #define PACKAGE_TARNAME ""
| #define PACKAGE_VERSION ""
| #define PACKAGE_STRING ""
| #define PACKAGE_BUGREPORT ""
| #define PACKAGE "CCfits"
| #define VERSION "2.5"
| /* end confdefs.h.  */
| #include <stdarg.h>
| #include <stdio.h>
| #include <sys/types.h>
| #include <sys/stat.h>
| /* Most of the following tests are stolen from RCS 5.7's src/conf.sh.  */
| struct buf { int x; };
| FILE * (*rcsopen) (struct buf *, struct stat *, int);
| static char *e (p, i)
|      char **p;
|      int i;
| {
|   return p[i];
| }
| static char *f (char * (*g) (char **, int), char **p, ...)
| {
|   char *s;
|   va_list v;
|   va_start (v,p);
|   s = g (p, va_arg (v,int));
|   va_end (v);
|   return s;
| }
| 
| /* OSF 4.0 Compaq cc is some sort of almost-ANSI by default.  It has
|    function prototypes and stuff, but not '\xHH' hex character constants.
|    These don't provoke an error unfortunately, instead are silently treated
|    as 'x'.  The following induces an error, until -std is added to get
|    proper ANSI mode.  Curiously '\x00'!='x' always comes out true, for an
|    array size at least.  It's necessary to write '\x00'==0 to get something
|    that's true only with -std.  */
| int osf4_cc_array ['\x00' == 0 ? 1 : -1];
| 
| /* IBM C 6 for AIX is almost-ANSI by default, but it replaces macro parameters
|    inside strings and character constants.  */
| #define FOO(x) 'x'
| int xlc6_cc_array[FOO(a) == 'x' ? 1 : -1];
| 
| int test (int i, double x);
| struct s1 {int (*f) (int a);};
| struct s2 {int (*f) (double a);};
| int pairnames (int, char **, FILE *(*)(struct buf *, struct stat *, int), int, int);
| int argc;
| char **argv;
| int
| main ()
| {
| return f (e, argv, 0) != argv[0]  ||  f (e, argv, 1) != argv[1];
|   ;
|   return 0;
| }
configure:4212: g++ -qlanglvl=ansi -c -g -O2  conftest.c >&5
clang: error: unknown argument: '-qlanglvl=ansi'
clang: warning: treating 'c' input as 'c++' when in C++ mode, this behavior is deprecated
configure:4219: $? = 1
configure: failed program was:
| /* confdefs.h.  */
| #define PACKAGE_NAME ""
| #define PACKAGE_TARNAME ""
| #define PACKAGE_VERSION ""
| #define PACKAGE_STRING ""
| #define PACKAGE_BUGREPORT ""
| #define PACKAGE "CCfits"
| #define VERSION "2.5"
| /* end confdefs.h.  */
| #include <stdarg.h>
| #include <stdio.h>
| #include <sys/types.h>
| #include <sys/stat.h>
| /* Most of the following tests are stolen from RCS 5.7's src/conf.sh.  */
| struct buf { int x; };
| FILE * (*rcsopen) (struct buf *, struct stat *, int);
| static char *e (p, i)
|      char **p;
|      int i;
| {
|   return p[i];
| }
| static char *f (char * (*g) (char **, int), char **p, ...)
| {
|   char *s;
|   va_list v;
|   va_start (v,p);
|   s = g (p, va_arg (v,int));
|   va_end (v);
|   return s;
| }
| 
| /* OSF 4.0 Compaq cc is some sort of almost-ANSI by default.  It has
|    function prototypes and stuff, but not '\xHH' hex character constants.
|    These don't provoke an error unfortunately, instead are silently treated
|    as 'x'.  The following induces an error, until -std is added to get
|    proper ANSI mode.  Curiously '\x00'!='x' always comes out true, for an
|    array size at least.  It's necessary to write '\x00'==0 to get something
|    that's true only with -std.  */
| int osf4_cc_array ['\x00' == 0 ? 1 : -1];
| 
| /* IBM C 6 for AIX is almost-ANSI by default, but it replaces macro parameters
|    inside strings and character constants.  */
| #define FOO(x) 'x'
| int xlc6_cc_array[FOO(a) == 'x' ? 1 : -1];
| 
| int test (int i, double x);
| struct s1 {int (*f) (int a);};
| struct s2 {int (*f) (double a);};
| int pairnames (int, char **, FILE *(*)(struct buf *, struct stat *, int), int, int);
| int argc;
| char **argv;
| int
| main ()
| {
| return f (e, argv, 0) != argv[0]  ||  f (e, argv, 1) != argv[1];
|   ;
|   return 0;
| }
configure:4212: g++ -std -c -g -O2  conftest.c >&5
clang: error: unknown argument: '-std'
clang: warning: treating 'c' input as 'c++' when in C++ mode, this behavior is deprecated
configure:4219: $? = 1
configure: failed program was:
| /* confdefs.h.  */
| #define PACKAGE_NAME ""
| #define PACKAGE_TARNAME ""
| #define PACKAGE_VERSION ""
| #define PACKAGE_STRING ""
| #define PACKAGE_BUGREPORT ""
| #define PACKAGE "CCfits"
| #define VERSION "2.5"
| /* end confdefs.h.  */
| #include <stdarg.h>
| #include <stdio.h>
| #include <sys/types.h>
| #include <sys/stat.h>
| /* Most of the following tests are stolen from RCS 5.7's src/conf.sh.  */
| struct buf { int x; };
| FILE * (*rcsopen) (struct buf *, struct stat *, int);
| static char *e (p, i)
|      char **p;
|      int i;
| {
|   return p[i];
| }
| static char *f (char * (*g) (char **, int), char **p, ...)
| {
|   char *s;
|   va_list v;
|   va_start (v,p);
|   s = g (p, va_arg (v,int));
|   va_end (v);
|   return s;
| }
| 
| /* OSF 4.0 Compaq cc is some sort of almost-ANSI by default.  It has
|    function prototypes and stuff, but not '\xHH' hex character constants.
|    These don't provoke an error unfortunately, instead are silently treated
|    as 'x'.  The following induces an error, until -std is added to get
|    proper ANSI mode.  Curiously '\x00'!='x' always comes out true, for an
|    array size at least.  It's necessary to write '\x00'==0 to get something
|    that's true only with -std.  */
| int osf4_cc_array ['\x00' == 0 ? 1 : -1];
| 
| /* IBM C 6 for AIX is almost-ANSI by default, but it replaces macro parameters
|    inside strings and character constants.  */
| #define FOO(x) 'x'
| int xlc6_cc_array[FOO(a) == 'x' ? 1 : -1];
| 
| int test (int i, double x);
| struct s1 {int (*f) (int a);};
| struct s2 {int (*f) (double a);};
| int pairnames (int, char **, FILE *(*)(struct buf *, struct stat *, int), int, int);
| int argc;
| char **argv;
| int
| main ()
| {
| return f (e, argv, 0) != argv[0]  ||  f (e, argv, 1) != argv[1];
|   ;
|   return 0;
| }
configure:4212: g++ -Ae -c -g -O2  conftest.c >&5
clang: warning: treating 'c' input as 'c++' when in C++ mode, this behavior is deprecated
clang: warning: argument unused during compilation: '-Ae'
conftest.c:17:17: error: C++ requires a type specifier for all declarations
static char *e (p, i)
                ^
conftest.c:17:20: error: unknown type name 'i'
static char *e (p, i)
                   ^
conftest.c:17:22: error: expected ';' after top level declarator
static char *e (p, i)
                     ^
                     ;
conftest.c:20:1: error: expected unqualified-id
{
^
4 errors generated.
configure:4219: $? = 1
configure: failed program was:
| /* confdefs.h.  */
| #define PACKAGE_NAME ""
| #define PACKAGE_TARNAME ""
| #define PACKAGE_VERSION ""
| #define PACKAGE_STRING ""
| #define PACKAGE_BUGREPORT ""
| #define PACKAGE "CCfits"
| #define VERSION "2.5"
| /* end confdefs.h.  */
| #include <stdarg.h>
| #include <stdio.h>
| #include <sys/types.h>
| #include <sys/stat.h>
| /* Most of the following tests are stolen from RCS 5.7's src/conf.sh.  */
| struct buf { int x; };
| FILE * (*rcsopen) (struct buf *, struct stat *, int);
| static char *e (p, i)
|      char **p;
|      int i;
| {
|   return p[i];
| }
| static char *f (char * (*g) (char **, int), char **p, ...)
| {
|   char *s;
|   va_list v;
|   va_start (v,p);
|   s = g (p, va_arg (v,int));
|   va_end (v);
|   return s;
| }
| 
| /* OSF 4.0 Compaq cc is some sort of almost-ANSI by default.  It has
|    function prototypes and stuff, but not '\xHH' hex character constants.
|    These don't provoke an error unfortunately, instead are silently treated
|    as 'x'.  The following induces an error, until -std is added to get
|    proper ANSI mode.  Curiously '\x00'!='x' always comes out true, for an
|    array size at least.  It's necessary to write '\x00'==0 to get something
|    that's true only with -std.  */
| int osf4_cc_array ['\x00' == 0 ? 1 : -1];
| 
| /* IBM C 6 for AIX is almost-ANSI by default, but it replaces macro parameters
|    inside strings and character constants.  */
| #define FOO(x) 'x'
| int xlc6_cc_array[FOO(a) == 'x' ? 1 : -1];
| 
| int test (int i, double x);
| struct s1 {int (*f) (int a);};
| struct s2 {int (*f) (double a);};
| int pairnames (int, char **, FILE *(*)(struct buf *, struct stat *, int), int, int);
| int argc;
| char **argv;
| int
| main ()
| {
| return f (e, argv, 0) != argv[0]  ||  f (e, argv, 1) != argv[1];
|   ;
|   return 0;
| }
configure:4212: g++ -Aa -D_HPUX_SOURCE -c -g -O2  conftest.c >&5
clang: warning: treating 'c' input as 'c++' when in C++ mode, this behavior is deprecated
clang: warning: argument unused during compilation: '-Aa'
conftest.c:17:17: error: C++ requires a type specifier for all declarations
static char *e (p, i)
                ^
conftest.c:17:20: error: unknown type name 'i'
static char *e (p, i)
                   ^
conftest.c:17:22: error: expected ';' after top level declarator
static char *e (p, i)
                     ^
                     ;
conftest.c:20:1: error: expected unqualified-id
{
^
4 errors generated.
configure:4219: $? = 1
configure: failed program was:
| /* confdefs.h.  */
| #define PACKAGE_NAME ""
| #define PACKAGE_TARNAME ""
| #define PACKAGE_VERSION ""
| #define PACKAGE_STRING ""
| #define PACKAGE_BUGREPORT ""
| #define PACKAGE "CCfits"
| #define VERSION "2.5"
| /* end confdefs.h.  */
| #include <stdarg.h>
| #include <stdio.h>
| #include <sys/types.h>
| #include <sys/stat.h>
| /* Most of the following tests are stolen from RCS 5.7's src/conf.sh.  */
| struct buf { int x; };
| FILE * (*rcsopen) (struct buf *, struct stat *, int);
| static char *e (p, i)
|      char **p;
|      int i;
| {
|   return p[i];
| }
| static char *f (char * (*g) (char **, int), char **p, ...)
| {
|   char *s;
|   va_list v;
|   va_start (v,p);
|   s = g (p, va_arg (v,int));
|   va_end (v);
|   return s;
| }
| 
| /* OSF 4.0 Compaq cc is some sort of almost-ANSI by default.  It has
|    function prototypes and stuff, but not '\xHH' hex character constants.
|    These don't provoke an error unfortunately, instead are silently treated
|    as 'x'.  The following induces an error, until -std is added to get
|    proper ANSI mode.  Curiously '\x00'!='x' always comes out true, for an
|    array size at least.  It's necessary to write '\x00'==0 to get something
|    that's true only with -std.  */
| int osf4_cc_array ['\x00' == 0 ? 1 : -1];
| 
| /* IBM C 6 for AIX is almost-ANSI by default, but it replaces macro parameters
|    inside strings and character constants.  */
| #define FOO(x) 'x'
| int xlc6_cc_array[FOO(a) == 'x' ? 1 : -1];
| 
| int test (int i, double x);
| struct s1 {int (*f) (int a);};
| struct s2 {int (*f) (double a);};
| int pairnames (int, char **, FILE *(*)(struct buf *, struct stat *, int), int, int);
| int argc;
| char **argv;
| int
| main ()
| {
| return f (e, argv, 0) != argv[0]  ||  f (e, argv, 1) != argv[1];
|   ;
|   return 0;
| }
configure:4212: g++ -Xc -D__EXTENSIONS__ -c -g -O2  conftest.c >&5
clang: warning: treating 'c' input as 'c++' when in C++ mode, this behavior is deprecated
clang: warning: argument unused during compilation: '-Xc'
conftest.c:17:17: error: C++ requires a type specifier for all declarations
static char *e (p, i)
                ^
conftest.c:17:20: error: unknown type name 'i'
static char *e (p, i)
                   ^
conftest.c:17:22: error: expected ';' after top level declarator
static char *e (p, i)
                     ^
                     ;
conftest.c:20:1: error: expected unqualified-id
{
^
4 errors generated.
configure:4219: $? = 1
configure: failed program was:
| /* confdefs.h.  */
| #define PACKAGE_NAME ""
| #define PACKAGE_TARNAME ""
| #define PACKAGE_VERSION ""
| #define PACKAGE_STRING ""
| #define PACKAGE_BUGREPORT ""
| #define PACKAGE "CCfits"
| #define VERSION "2.5"
| /* end confdefs.h.  */
| #include <stdarg.h>
| #include <stdio.h>
| #include <sys/types.h>
| #include <sys/stat.h>
| /* Most of the following tests are stolen from RCS 5.7's src/conf.sh.  */
| struct buf { int x; };
| FILE * (*rcsopen) (struct buf *, struct stat *, int);
| static char *e (p, i)
|      char **p;
|      int i;
| {
|   return p[i];
| }
| static char *f (char * (*g) (char **, int), char **p, ...)
| {
|   char *s;
|   va_list v;
|   va_start (v,p);
|   s = g (p, va_arg (v,int));
|   va_end (v);
|   return s;
| }
| 
| /* OSF 4.0 Compaq cc is some sort of almost-ANSI by default.  It has
|    function prototypes and stuff, but not '\xHH' hex character constants.
|    These don't provoke an error unfortunately, instead are silently treated
|    as 'x'.  The following induces an error, until -std is added to get
|    proper ANSI mode.  Curiously '\x00'!='x' always comes out true, for an
|    array size at least.  It's necessary to write '\x00'==0 to get something
|    that's true only with -std.  */
| int osf4_cc_array ['\x00' == 0 ? 1 : -1];
| 
| /* IBM C 6 for AIX is almost-ANSI by default, but it replaces macro parameters
|    inside strings and character constants.  */
| #define FOO(x) 'x'
| int xlc6_cc_array[FOO(a) == 'x' ? 1 : -1];
| 
| int test (int i, double x);
| struct s1 {int (*f) (int a);};
| struct s2 {int (*f) (double a);};
| int pairnames (int, char **, FILE *(*)(struct buf *, struct stat *, int), int, int);
| int argc;
| char **argv;
| int
| main ()
| {
| return f (e, argv, 0) != argv[0]  ||  f (e, argv, 1) != argv[1];
|   ;
|   return 0;
| }
configure:4245: result: unsupported
configure:4262: checking dependency style of g++
configure:4372: result: gcc3
configure:4387: checking for a sed that does not truncate output
configure:4453: result: /usr/bin/sed
configure:4471: checking for grep that handles long lines and -e
configure:4531: result: /usr/bin/grep
configure:4536: checking for egrep
configure:4600: result: /usr/bin/grep -E
configure:4605: checking for fgrep
configure:4669: result: /usr/bin/grep -F
configure:4704: checking for ld used by g++
configure:4771: result: /Applications/Xcode.app/Contents/Developer/Toolchains/XcodeDefault.xctoolchain/usr/bin/ld
configure:4780: checking if the linker (/Applications/Xcode.app/Contents/Developer/Toolchains/XcodeDefault.xctoolchain/usr/bin/ld) is GNU ld
configure:4795: result: no
configure:4807: checking for BSD- or MS-compatible name lister (nm)
configure:4856: result: /usr/bin/nm -B
configure:4974: checking the name lister (/usr/bin/nm -B) interface
configure:4981: g++ -c -g -O2  conftest.cpp >&5
configure:4984: /usr/bin/nm -B "conftest.o"
configure:4987: output
000000000000021c S _some_variable
configure:4994: result: BSD nm
configure:4997: checking whether ln -s works
configure:5001: result: yes
configure:5009: checking the maximum length of command line arguments
configure:5129: result: 196608
configure:5146: checking whether the shell understands some XSI constructs
configure:5156: result: yes
configure:5160: checking whether the shell understands "+="
configure:5166: result: yes
configure:5201: checking for /Applications/Xcode.app/Contents/Developer/Toolchains/XcodeDefault.xctoolchain/usr/bin/ld option to reload object files
configure:5208: result: -r
configure:5277: checking for objdump
configure:5307: result: no
configure:5336: checking how to recognize dependent libraries
configure:5532: result: pass_all
configure:5592: checking for ar
configure:5608: found /usr/bin/ar
configure:5619: result: ar
configure:5697: checking for strip
configure:5713: found /usr/bin/strip
configure:5724: result: strip
configure:5796: checking for ranlib
configure:5812: found /usr/bin/ranlib
configure:5823: result: ranlib
configure:5913: checking command to parse /usr/bin/nm -B output from g++ object
configure:6031: g++ -c -g -O2  conftest.cpp >&5
configure:6034: $? = 0
configure:6038: /usr/bin/nm -B conftest.o \| sed -n -e 's/^.*[	 ]\([BCDEGRST][BCDEGRST]*\)[	 ][	 ]*\([_A-Za-z][_A-Za-z0-9]*\)$/\1 \2 \2/p' \> conftest.nm
configure:6041: $? = 0
cannot find nm_test_var in conftest.nm
configure:6031: g++ -c -g -O2  conftest.cpp >&5
configure:6034: $? = 0
configure:6038: /usr/bin/nm -B conftest.o \| sed -n -e 's/^.*[	 ]\([BCDEGRST][BCDEGRST]*\)[	 ][	 ]*_\([_A-Za-z][_A-Za-z0-9]*\)$/\1 _\2 \2/p' \> conftest.nm
configure:6041: $? = 0
configure:6095: g++ -o conftest -g -O2   conftest.cpp conftstm.o >&5
configure:6098: $? = 0
configure:6136: result: ok
configure:6430: checking for dsymutil
configure:6446: found /usr/bin/dsymutil
configure:6457: result: dsymutil
configure:6522: checking for nmedit
configure:6538: found /usr/bin/nmedit
configure:6549: result: nmedit
configure:6614: checking for lipo
configure:6630: found /usr/bin/lipo
configure:6641: result: lipo
configure:6706: checking for otool
configure:6722: found /usr/bin/otool
configure:6733: result: otool
configure:6798: checking for otool64
configure:6828: result: no
configure:6873: checking for -single_module linker flag
g++ -g -O2  -o libconftest.dylib -dynamiclib -Wl,-single_module conftest.c
clang: warning: treating 'c' input as 'c++' when in C++ mode, this behavior is deprecated
configure:6900: result: no
configure:6902: checking for -exported_symbols_list linker flag
configure:6932: g++ -o conftest -g -O2   -Wl,-exported_symbols_list,conftest.sym conftest.cpp  >&5
configure:6939: $? = 0
configure:6961: result: yes
configure:7003: checking how to run the C preprocessor
configure:7043: g++ -E  conftest.c
clang: warning: treating 'c' input as 'c++' when in C++ mode, this behavior is deprecated
configure:7050: $? = 0
configure:7081: g++ -E  conftest.c
clang: warning: treating 'c' input as 'c++' when in C++ mode, this behavior is deprecated
conftest.c:10:10: fatal error: 'ac_nonexistent.h' file not found
#include <ac_nonexistent.h>
         ^
1 error generated.
configure:7088: $? = 1
configure: failed program was:
| /* confdefs.h.  */
| #define PACKAGE_NAME ""
| #define PACKAGE_TARNAME ""
| #define PACKAGE_VERSION ""
| #define PACKAGE_STRING ""
| #define PACKAGE_BUGREPORT ""
| #define PACKAGE "CCfits"
| #define VERSION "2.5"
| /* end confdefs.h.  */
| #include <ac_nonexistent.h>
configure:7121: result: g++ -E
configure:7150: g++ -E  conftest.c
clang: warning: treating 'c' input as 'c++' when in C++ mode, this behavior is deprecated
configure:7157: $? = 0
configure:7188: g++ -E  conftest.c
clang: warning: treating 'c' input as 'c++' when in C++ mode, this behavior is deprecated
conftest.c:10:10: fatal error: 'ac_nonexistent.h' file not found
#include <ac_nonexistent.h>
         ^
1 error generated.
configure:7195: $? = 1
configure: failed program was:
| /* confdefs.h.  */
| #define PACKAGE_NAME ""
| #define PACKAGE_TARNAME ""
| #define PACKAGE_VERSION ""
| #define PACKAGE_STRING ""
| #define PACKAGE_BUGREPORT ""
| #define PACKAGE "CCfits"
| #define VERSION "2.5"
| /* end confdefs.h.  */
| #include <ac_nonexistent.h>
configure:7235: checking for ANSI C header files
configure:7265: g++ -c -g -O2  conftest.c >&5
clang: warning: treating 'c' input as 'c++' when in C++ mode, this behavior is deprecated
configure:7272: $? = 0
clang: warning: treating 'c' input as 'c++' when in C++ mode, this behavior is deprecated
clang: warning: treating 'c' input as 'c++' when in C++ mode, this behavior is deprecated
configure:7371: g++ -o conftest -g -O2   conftest.c  >&5
clang: warning: treating 'c' input as 'c++' when in C++ mode, this behavior is deprecated
configure:7375: $? = 0
configure:7381: ./conftest
configure:7385: $? = 0
configure:7403: result: yes
configure:7427: checking for sys/types.h
configure:7448: g++ -c -g -O2  conftest.c >&5
clang: warning: treating 'c' input as 'c++' when in C++ mode, this behavior is deprecated
configure:7455: $? = 0
configure:7472: result: yes
configure:7427: checking for sys/stat.h
configure:7448: g++ -c -g -O2  conftest.c >&5
clang: warning: treating 'c' input as 'c++' when in C++ mode, this behavior is deprecated
configure:7455: $? = 0
configure:7472: result: yes
configure:7427: checking for stdlib.h
configure:7448: g++ -c -g -O2  conftest.c >&5
clang: warning: treating 'c' input as 'c++' when in C++ mode, this behavior is deprecated
configure:7455: $? = 0
configure:7472: result: yes
configure:7427: checking for string.h
configure:7448: g++ -c -g -O2  conftest.c >&5
clang: warning: treating 'c' input as 'c++' when in C++ mode, this behavior is deprecated
configure:7455: $? = 0
configure:7472: result: yes
configure:7427: checking for memory.h
configure:7448: g++ -c -g -O2  conftest.c >&5
clang: warning: treating 'c' input as 'c++' when in C++ mode, this behavior is deprecated
configure:7455: $? = 0
configure:7472: result: yes
configure:7427: checking for strings.h
configure:7448: g++ -c -g -O2  conftest.c >&5
clang: warning: treating 'c' input as 'c++' when in C++ mode, this behavior is deprecated
configure:7455: $? = 0
configure:7472: result: yes
configure:7427: checking for inttypes.h
configure:7448: g++ -c -g -O2  conftest.c >&5
clang: warning: treating 'c' input as 'c++' when in C++ mode, this behavior is deprecated
configure:7455: $? = 0
configure:7472: result: yes
configure:7427: checking for stdint.h
configure:7448: g++ -c -g -O2  conftest.c >&5
clang: warning: treating 'c' input as 'c++' when in C++ mode, this behavior is deprecated
configure:7455: $? = 0
configure:7472: result: yes
configure:7427: checking for unistd.h
configure:7448: g++ -c -g -O2  conftest.c >&5
clang: warning: treating 'c' input as 'c++' when in C++ mode, this behavior is deprecated
configure:7455: $? = 0
configure:7472: result: yes
configure:7490: checking for dlfcn.h
configure:7511: g++ -c -g -O2  conftest.c >&5
clang: warning: treating 'c' input as 'c++' when in C++ mode, this behavior is deprecated
configure:7518: $? = 0
configure:7535: result: yes
configure:7662: checking for C++ compiler version
configure:7670: g++ --version >&5
Configured with: --prefix=/Applications/Xcode.app/Contents/Developer/usr --with-gxx-include-dir=/Applications/Xcode.app/Contents/Developer/Platforms/MacOSX.platform/Developer/SDKs/MacOSX10.11.sdk/usr/include/c++/4.2.1
Apple LLVM version 7.3.0 (clang-703.0.29)
Target: x86_64-apple-darwin15.4.0
Thread model: posix
InstalledDir: /Applications/Xcode.app/Contents/Developer/Toolchains/XcodeDefault.xctoolchain/usr/bin
configure:7674: $? = 0
configure:7681: g++ -v >&5
Configured with: --prefix=/Applications/Xcode.app/Contents/Developer/usr --with-gxx-include-dir=/Applications/Xcode.app/Contents/Developer/Platforms/MacOSX.platform/Developer/SDKs/MacOSX10.11.sdk/usr/include/c++/4.2.1
Apple LLVM version 7.3.0 (clang-703.0.29)
Target: x86_64-apple-darwin15.4.0
Thread model: posix
InstalledDir: /Applications/Xcode.app/Contents/Developer/Toolchains/XcodeDefault.xctoolchain/usr/bin
configure:7685: $? = 0
configure:7692: g++ -V >&5
clang: error: argument to '-V' is missing (expected 1 value)
clang: error: no input files
configure:7696: $? = 1
configure:7699: checking whether we are using the GNU C++ compiler
configure:7752: result: yes
configure:7761: checking whether g++ accepts -g
configure:7899: result: yes
configure:7924: checking dependency style of g++
configure:8034: result: gcc3
configure:8057: checking how to run the C++ preprocessor
configure:8093: g++ -E  conftest.cpp
configure:8100: $? = 0
configure:8131: g++ -E  conftest.cpp
conftest.cpp:21:10: fatal error: 'ac_nonexistent.h' file not found
#include <ac_nonexistent.h>
         ^
1 error generated.
configure:8138: $? = 1
configure: failed program was:
| /* confdefs.h.  */
| #define PACKAGE_NAME ""
| #define PACKAGE_TARNAME ""
| #define PACKAGE_VERSION ""
| #define PACKAGE_STRING ""
| #define PACKAGE_BUGREPORT ""
| #define PACKAGE "CCfits"
| #define VERSION "2.5"
| #define STDC_HEADERS 1
| #define HAVE_SYS_TYPES_H 1
| #define HAVE_SYS_STAT_H 1
| #define HAVE_STDLIB_H 1
| #define HAVE_STRING_H 1
| #define HAVE_MEMORY_H 1
| #define HAVE_STRINGS_H 1
| #define HAVE_INTTYPES_H 1
| #define HAVE_STDINT_H 1
| #define HAVE_UNISTD_H 1
| #define HAVE_DLFCN_H 1
| /* end confdefs.h.  */
| #include <ac_nonexistent.h>
configure:8171: result: g++ -E
configure:8200: g++ -E  conftest.cpp
configure:8207: $? = 0
configure:8238: g++ -E  conftest.cpp
conftest.cpp:21:10: fatal error: 'ac_nonexistent.h' file not found
#include <ac_nonexistent.h>
         ^
1 error generated.
configure:8245: $? = 1
configure: failed program was:
| /* confdefs.h.  */
| #define PACKAGE_NAME ""
| #define PACKAGE_TARNAME ""
| #define PACKAGE_VERSION ""
| #define PACKAGE_STRING ""
| #define PACKAGE_BUGREPORT ""
| #define PACKAGE "CCfits"
| #define VERSION "2.5"
| #define STDC_HEADERS 1
| #define HAVE_SYS_TYPES_H 1
| #define HAVE_SYS_STAT_H 1
| #define HAVE_STDLIB_H 1
| #define HAVE_STRING_H 1
| #define HAVE_MEMORY_H 1
| #define HAVE_STRINGS_H 1
| #define HAVE_INTTYPES_H 1
| #define HAVE_STDINT_H 1
| #define HAVE_UNISTD_H 1
| #define HAVE_DLFCN_H 1
| /* end confdefs.h.  */
| #include <ac_nonexistent.h>
configure:8429: checking for objdir
configure:8444: result: .libs
configure:8736: checking if g++ supports -fno-rtti -fno-exceptions
configure:8754: g++ -c -g -O2  -fno-rtti -fno-exceptions conftest.c >&5
clang: warning: treating 'c' input as 'c++' when in C++ mode, this behavior is deprecated
configure:8758: $? = 0
configure:8771: result: yes
configure:8791: checking for g++ option to produce PIC
configure:9063: result: -fno-common -DPIC
configure:9075: checking if g++ PIC flag -fno-common -DPIC works
configure:9093: g++ -c -g -O2  -fno-common -DPIC -DPIC conftest.c >&5
clang: warning: treating 'c' input as 'c++' when in C++ mode, this behavior is deprecated
configure:9097: $? = 0
configure:9110: result: yes
configure:9134: checking if g++ static flag -static works
configure:9162: result: no
configure:9177: checking if g++ supports -c -o file.o
configure:9198: g++ -c -g -O2  -o out/conftest2.o conftest.c >&5
clang: warning: treating 'c' input as 'c++' when in C++ mode, this behavior is deprecated
configure:9202: $? = 0
configure:9224: result: yes
configure:9232: checking if g++ supports -c -o file.o
configure:9279: result: yes
configure:9312: checking whether the g++ linker (/Applications/Xcode.app/Contents/Developer/Toolchains/XcodeDefault.xctoolchain/usr/bin/ld) supports shared libraries
configure:10386: result: yes
configure:10625: checking dynamic linker characteristics
configure:11311: result: darwin15.4.0 dyld
configure:11413: checking how to hardcode library paths into programs
configure:11438: result: immediate
configure:12271: checking whether stripping libraries is possible
configure:12285: result: yes
configure:12311: checking if libtool supports shared libraries
configure:12313: result: yes
configure:12316: checking whether to build shared libraries
configure:12337: result: yes
configure:12340: checking whether to build static libraries
configure:12344: result: no
configure:12494: checking for ld used by g++
configure:12561: result: /Applications/Xcode.app/Contents/Developer/Toolchains/XcodeDefault.xctoolchain/usr/bin/ld
configure:12570: checking if the linker (/Applications/Xcode.app/Contents/Developer/Toolchains/XcodeDefault.xctoolchain/usr/bin/ld) is GNU ld
configure:12585: result: no
configure:12640: checking whether the g++ linker (/Applications/Xcode.app/Contents/Developer/Toolchains/XcodeDefault.xctoolchain/usr/bin/ld) supports shared libraries
configure:13615: result: yes
configure:13643: g++ -c -g -O2  conftest.cpp >&5
configure:13646: $? = 0
configure:13828: checking for g++ option to produce PIC
configure:14145: result: -fno-common -DPIC
configure:14154: checking if g++ PIC flag -fno-common -DPIC works
configure:14172: g++ -c -g -O2  -fno-common -DPIC -DPIC conftest.cpp >&5
configure:14176: $? = 0
configure:14189: result: yes
configure:14210: checking if g++ static flag -static works
configure:14238: result: no
configure:14250: checking if g++ supports -c -o file.o
configure:14271: g++ -c -g -O2  -o out/conftest2.o conftest.cpp >&5
configure:14275: $? = 0
configure:14297: result: yes
configure:14302: checking if g++ supports -c -o file.o
configure:14349: result: yes
configure:14379: checking whether the g++ linker (/Applications/Xcode.app/Contents/Developer/Toolchains/XcodeDefault.xctoolchain/usr/bin/ld) supports shared libraries
configure:14405: result: yes
configure:14542: checking dynamic linker characteristics
configure:15176: result: darwin15.4.0 dyld
configure:15227: checking how to hardcode library paths into programs
configure:15252: result: immediate
configure:15313: checking for g++
configure:15331: found /usr/bin/g++
configure:15344: result: /usr/bin/g++
configure:15352: checking standard C++ library path
configure:15355: result: /usr/lib 
configure:15359: checking maximum warning verbosity option
configure:15383: result: -Wall for C++ -Wall for C
configure:15389: checking ansi C/C++ option
configure:15410: result: -ansi for C++ -ansi for C
configure:15418: checking for gmake
configure:15446: result: make
configure:15457: checking for main in -lstdc++
configure:15486: g++ -o conftest -g -O2 -Wall -ansi   conftest.cpp -lstdc++   >&5
conftest.cpp:26:1: warning: all paths through this function will call itself [-Winfinite-recursion]
{
^
1 warning generated.
configure:15493: $? = 0
configure:15514: result: yes
configure:15570: checking for ffpss in -lcfitsio
configure:15605: g++ -o conftest -g -O2 -Wall -ansi  -I/usr/local/Cellar/cfitsio/3.370/include  -L/usr/local/Cellar/cfitsio/3.370/lib conftest.cpp -lcfitsio   >&5
configure:15612: $? = 0
configure:15633: result: yes
configure:15656: checking fitsio.h usability
configure:15673: g++ -c -g -O2 -Wall -ansi  -I/usr/local/Cellar/cfitsio/3.370/include conftest.cpp >&5
configure:15680: $? = 0
configure:15694: result: yes
configure:15698: checking fitsio.h presence
configure:15713: g++ -E  -I/usr/local/Cellar/cfitsio/3.370/include conftest.cpp
configure:15720: $? = 0
configure:15734: result: yes
configure:15762: checking for fitsio.h
configure:15769: result: yes
configure:15789: result: cfitsio found.
configure:15804: checking whether the compiler implements namespaces
configure:15837: g++ -c -g -O2 -Wall -ansi  -I/usr/local/Cellar/cfitsio/3.370/include conftest.cpp >&5
configure:15844: $? = 0
configure:15866: result: yes
configure:15876: checking whether the compiler has valarray<T>
configure:15913: g++ -c -g -O2 -Wall -ansi  -I/usr/local/Cellar/cfitsio/3.370/include conftest.cpp >&5
configure:15920: $? = 0
configure:15942: result: yes
configure:15972: checking sstream usability
configure:15989: g++ -c -g -O2 -Wall -ansi  -I/usr/local/Cellar/cfitsio/3.370/include conftest.cpp >&5
configure:15996: $? = 0
configure:16010: result: yes
configure:16014: checking sstream presence
configure:16029: g++ -E  -I/usr/local/Cellar/cfitsio/3.370/include conftest.cpp
configure:16036: $? = 0
configure:16050: result: yes
configure:16078: checking for sstream
configure:16085: result: yes
configure:16401: creating ./config.status

## ---------------------- ##
## Running config.status. ##
## ---------------------- ##

This file was extended by config.status, which was
generated by GNU Autoconf 2.63.  Invocation command line was

  CONFIG_FILES    = 
  CONFIG_HEADERS  = 
  CONFIG_LINKS    = 
  CONFIG_COMMANDS = 
  $ ./config.status 

on portwso04.estad.ucm.es

config.status:1059: creating Makefile
config.status:1059: creating Doxyfile
config.status:1059: creating CCfits.pc
config.status:1059: creating vs.net/Makefile
config.status:1059: creating config.h
config.status:1333: executing depfiles commands
config.status:1333: executing libtool commands
configure:18898: result:
        CCFits project now configured.


## ---------------- ##
## Cache variables. ##
## ---------------- ##

ac_cv_build=x86_64-apple-darwin15.4.0
ac_cv_c_compiler_gnu=yes
ac_cv_cxx_compiler_gnu=yes
ac_cv_cxx_have_valarray=yes
ac_cv_cxx_namespaces=yes
ac_cv_env_CCC_set=
ac_cv_env_CCC_value=
ac_cv_env_CC_set=
ac_cv_env_CC_value=
ac_cv_env_CFLAGS_set=
ac_cv_env_CFLAGS_value=
ac_cv_env_CPPFLAGS_set=
ac_cv_env_CPPFLAGS_value=
ac_cv_env_CPP_set=
ac_cv_env_CPP_value=
ac_cv_env_CXXCPP_set=
ac_cv_env_CXXCPP_value=
ac_cv_env_CXXFLAGS_set=
ac_cv_env_CXXFLAGS_value=
ac_cv_env_CXX_set=
ac_cv_env_CXX_value=
ac_cv_env_LDFLAGS_set=
ac_cv_env_LDFLAGS_value=
ac_cv_env_LIBS_set=
ac_cv_env_LIBS_value=
ac_cv_env_build_alias_set=
ac_cv_env_build_alias_value=
ac_cv_env_host_alias_set=
ac_cv_env_host_alias_value=
ac_cv_env_target_alias_set=
ac_cv_env_target_alias_value=
ac_cv_header_dlfcn_h=yes
ac_cv_header_fitsio_h=yes
ac_cv_header_inttypes_h=yes
ac_cv_header_memory_h=yes
ac_cv_header_sstream=yes
ac_cv_header_stdc=yes
ac_cv_header_stdint_h=yes
ac_cv_header_stdlib_h=yes
ac_cv_header_string_h=yes
ac_cv_header_strings_h=yes
ac_cv_header_sys_stat_h=yes
ac_cv_header_sys_types_h=yes
ac_cv_header_unistd_h=yes
ac_cv_host=x86_64-apple-darwin15.4.0
ac_cv_lib_cfitsio_ffpss=yes
ac_cv_lib_stdcpp_main=yes
ac_cv_objext=o
ac_cv_path_EGREP='/usr/bin/grep -E'
ac_cv_path_FGREP='/usr/bin/grep -F'
ac_cv_path_GREP=/usr/bin/grep
ac_cv_path_SED=/usr/bin/sed
ac_cv_path_install='/usr/bin/install -c'
ac_cv_path_pfk_cxx_lib_path=/usr/bin/g++
ac_cv_prog_AWK=awk
ac_cv_prog_CPP='g++ -E'
ac_cv_prog_CXXCPP='g++ -E'
ac_cv_prog_GMAKE=make
ac_cv_prog_ac_ct_AR=ar
ac_cv_prog_ac_ct_CC=g++
ac_cv_prog_ac_ct_CXX=g++
ac_cv_prog_ac_ct_DSYMUTIL=dsymutil
ac_cv_prog_ac_ct_LIPO=lipo
ac_cv_prog_ac_ct_NMEDIT=nmedit
ac_cv_prog_ac_ct_OTOOL=otool
ac_cv_prog_ac_ct_RANLIB=ranlib
ac_cv_prog_ac_ct_STRIP=strip
ac_cv_prog_cc_c89=no
ac_cv_prog_cc_g=yes
ac_cv_prog_cxx_g=yes
ac_cv_prog_make_make_set=yes
ac_cv_target=x86_64-apple-darwin15.4.0
am_cv_CC_dependencies_compiler_type=gcc3
am_cv_CXX_dependencies_compiler_type=gcc3
lt_cv_apple_cc_single_mod=no
lt_cv_deplibs_check_method=pass_all
lt_cv_file_magic_cmd='$MAGIC_CMD'
lt_cv_file_magic_test_file=
lt_cv_ld_exported_symbols_list=yes
lt_cv_ld_reload_flag=-r
lt_cv_nm_interface='BSD nm'
lt_cv_objdir=.libs
lt_cv_path_LD=/Applications/Xcode.app/Contents/Developer/Toolchains/XcodeDefault.xctoolchain/usr/bin/ld
lt_cv_path_LDCXX=/Applications/Xcode.app/Contents/Developer/Toolchains/XcodeDefault.xctoolchain/usr/bin/ld
lt_cv_path_NM='/usr/bin/nm -B'
lt_cv_prog_compiler_c_o=yes
lt_cv_prog_compiler_c_o_CXX=yes
lt_cv_prog_compiler_pic_works=yes
lt_cv_prog_compiler_pic_works_CXX=yes
lt_cv_prog_compiler_rtti_exceptions=yes
lt_cv_prog_compiler_static_works=no
lt_cv_prog_compiler_static_works_CXX=no
lt_cv_prog_gnu_ld=no
lt_cv_prog_gnu_ldcxx=no
lt_cv_sys_global_symbol_pipe='sed -n -e '\''s/^.*[	 ]\([BCDEGRST][BCDEGRST]*\)[	 ][	 ]*_\([_A-Za-z][_A-Za-z0-9]*\)$/\1 _\2 \2/p'\'''
lt_cv_sys_global_symbol_to_c_name_address='sed -n -e '\''s/^: \([^ ]*\) $/  {\"\1\", (void *) 0},/p'\'' -e '\''s/^[BCDEGRST]* \([^ ]*\) \([^ ]*\)$/  {"\2", (void *) \&\2},/p'\'''
lt_cv_sys_global_symbol_to_c_name_address_lib_prefix='sed -n -e '\''s/^: \([^ ]*\) $/  {\"\1\", (void *) 0},/p'\'' -e '\''s/^[BCDEGRST]* \([^ ]*\) \(lib[^ ]*\)$/  {"\2", (void *) \&\2},/p'\'' -e '\''s/^[BCDEGRST]* \([^ ]*\) \([^ ]*\)$/  {"lib\2", (void *) \&\2},/p'\'''
lt_cv_sys_global_symbol_to_cdecl='sed -n -e '\''s/^T .* \(.*\)$/extern int \1();/p'\'' -e '\''s/^[BCDEGRST]* .* \(.*\)$/extern char \1;/p'\'''
lt_cv_sys_max_cmd_len=196608

## ----------------- ##
## Output variables. ##
## ----------------- ##

ACLOCAL='${SHELL} /Users/pablo/GDrive/Trabajo/Development/WSOSim/dependencyDownloads/CCfits/config/missing --run aclocal-1.11'
AMDEPBACKSLASH='\'
AMDEP_FALSE='#'
AMDEP_TRUE=''
AMTAR='${SHELL} /Users/pablo/GDrive/Trabajo/Development/WSOSim/dependencyDownloads/CCfits/config/missing --run tar'
AR='ar'
AUTOCONF='${SHELL} /Users/pablo/GDrive/Trabajo/Development/WSOSim/dependencyDownloads/CCfits/config/missing --run autoconf'
AUTOHEADER='${SHELL} /Users/pablo/GDrive/Trabajo/Development/WSOSim/dependencyDownloads/CCfits/config/missing --run autoheader'
AUTOMAKE='${SHELL} /Users/pablo/GDrive/Trabajo/Development/WSOSim/dependencyDownloads/CCfits/config/missing --run automake-1.11'
AWK='awk'
CC='g++'
CCDEPMODE='depmode=gcc3'
CFLAGS='-g -O2 -Wall -ansi'
CPP='g++ -E'
CPPFLAGS=' -I/usr/local/Cellar/cfitsio/3.370/include'
CXX='g++'
CXXCPP='g++ -E'
CXXDEPMODE='depmode=gcc3'
CXXFLAGS='-g -O2 -Wall -ansi'
CXX_LIB_PATH='/usr/lib'
CYGPATH_W='echo'
DEFS='-DHAVE_CONFIG_H'
DEPDIR='.deps'
DSYMUTIL='dsymutil'
DUMPBIN=''
ECHO_C='\c'
ECHO_N=''
ECHO_T=''
EGREP='/usr/bin/grep -E'
EXEEXT=''
FGREP='/usr/bin/grep -F'
GMAKE='make'
GREP='/usr/bin/grep'
INSTALL_DATA='${INSTALL} -m 644'
INSTALL_PROGRAM='${INSTALL}'
INSTALL_SCRIPT='${INSTALL}'
INSTALL_STRIP_PROGRAM='$(install_sh) -c -s'
LD='/Applications/Xcode.app/Contents/Developer/Toolchains/XcodeDefault.xctoolchain/usr/bin/ld'
LDFLAGS=' -L/usr/local/Cellar/cfitsio/3.370/lib'
LIBOBJS=''
LIBS='-lcfitsio '
LIBSTDCPP='lstdc++'
LIBTOOL='$(SHELL) $(top_builddir)/libtool'
LIPO='lipo'
LN_S='ln -s'
LTLIBOBJS=''
MAKEINFO='${SHELL} /Users/pablo/GDrive/Trabajo/Development/WSOSim/dependencyDownloads/CCfits/config/missing --run makeinfo'
MKDIR_P='config/install-sh -c -d'
NM='/usr/bin/nm -B'
NMEDIT='nmedit'
OBJDUMP='false'
OBJEXT='o'
OTOOL64=':'
OTOOL='otool'
PACKAGE='CCfits'
PACKAGE_BUGREPORT=''
PACKAGE_NAME=''
PACKAGE_STRING=''
PACKAGE_TARNAME=''
PACKAGE_VERSION=''
PATH_SEPARATOR=':'
RANLIB='ranlib'
RDFLAGS='/usr/local/Cellar/cfitsio/3.370/lib'
SED='/usr/bin/sed'
SET_MAKE=''
SHELL='/bin/sh'
STLPORT=''
STRIP='strip'
VERSION='2.5'
ac_ct_CC='g++'
ac_ct_CXX='g++'
ac_ct_DUMPBIN=''
am__EXEEXT_FALSE=''
am__EXEEXT_TRUE='#'
am__fastdepCC_FALSE='#'
am__fastdepCC_TRUE=''
am__fastdepCXX_FALSE='#'
am__fastdepCXX_TRUE=''
am__include='include'
am__isrc=''
am__leading_dot='.'
am__quote=''
am__tar='${AMTAR} chof - "$$tardir"'
am__untar='${AMTAR} xf -'
bindir='${exec_prefix}/bin'
build='x86_64-apple-darwin15.4.0'
build_alias=''
build_cpu='x86_64'
build_os='darwin15.4.0'
build_vendor='apple'
datadir='${datarootdir}'
datarootdir='${prefix}/share'
docdir='${datarootdir}/doc/${PACKAGE}'
dvidir='${docdir}'
exec_prefix='${prefix}'
host='x86_64-apple-darwin15.4.0'
host_alias=''
host_cpu='x86_64'
host_os='darwin15.4.0'
host_vendor='apple'
htmldir='${docdir}'
includedir='${prefix}/include'
infodir='${datarootdir}/info'
install_sh='${SHELL} /Users/pablo/GDrive/Trabajo/Development/WSOSim/dependencyDownloads/CCfits/config/install-sh'
libdir='${exec_prefix}/lib'
libexecdir='${exec_prefix}/libexec'
localedir='${datarootdir}/locale'
localstatedir='${prefix}/var'
lt_ECHO='/bin/echo'
mandir='${datarootdir}/man'
mkdir_p='$(top_builddir)/config/install-sh -c -d'
oldincludedir='/usr/include'
pdfdir='${docdir}'
pfk_cxx_lib_path='/usr/bin/g++'
prefix='/Users/pablo/GDrive/Trabajo/Development/WSOSim/dependencyInstalls/CCfits'
program_transform_name='s,x,x,'
psdir='${docdir}'
sbindir='${exec_prefix}/sbin'
sharedstatedir='${prefix}/com'
sysconfdir='${prefix}/etc'
target='x86_64-apple-darwin15.4.0'
target_alias=''
target_cpu='x86_64'
target_os='darwin15.4.0'
target_vendor='apple'

## ----------- ##
## confdefs.h. ##
## ----------- ##

#define PACKAGE_NAME ""
#define PACKAGE_TARNAME ""
#define PACKAGE_VERSION ""
#define PACKAGE_STRING ""
#define PACKAGE_BUGREPORT ""
#define PACKAGE "CCfits"
#define VERSION "2.5"
#define STDC_HEADERS 1
#define HAVE_SYS_TYPES_H 1
#define HAVE_SYS_STAT_H 1
#define HAVE_STDLIB_H 1
#define HAVE_STRING_H 1
#define HAVE_MEMORY_H 1
#define HAVE_STRINGS_H 1
#define HAVE_INTTYPES_H 1
#define HAVE_STDINT_H 1
#define HAVE_UNISTD_H 1
#define HAVE_DLFCN_H 1
#define LT_OBJDIR ".libs/"
#define HAVE_LIBCFITSIO 1
#define HAVE_PKG_cfitsio 1
#define HAVE_NAMESPACES /**/
#define HAVE_VALARRAY /**/

configure: exit 0
